<?xml version="1.0" encoding="UTF-8"?>
<testsuite xmlns:xsi="http://www.w3.org/2001/XMLSchema-instance" xsi:noNamespaceSchemaLocation="https://maven.apache.org/surefire/maven-surefire-plugin/xsd/surefire-test-report-3.0.xsd" version="3.0" name="edu.upc.etsetb.poo.decathlon1.ClasificacionTest" time="0.194" tests="3" errors="0" skipped="0" failures="0">
  <properties>
    <property name="java.specification.version" value="21"/>
    <property name="sun.jnu.encoding" value="UTF-8"/>
    <property name="java.class.path" value="/home/umar/Documents/1B/POO/man_proyecto_poo/target/test-classes:/home/umar/Documents/1B/POO/man_proyecto_poo/target/classes:/home/umar/.m2/repository/edu/upc/ac/BaseCorrectorDAC/2022_2023ON/BaseCorrectorDAC-2022_2023ON.jar:/home/umar/.m2/repository/junit/junit/4.12/junit-4.12.jar:/home/umar/.m2/repository/org/hamcrest/hamcrest-core/1.3/hamcrest-core-1.3.jar:/home/umar/.m2/repository/org/mockito/mockito-core/2.28.2/mockito-core-2.28.2.jar:/home/umar/.m2/repository/net/bytebuddy/byte-buddy/1.9.10/byte-buddy-1.9.10.jar:/home/umar/.m2/repository/net/bytebuddy/byte-buddy-agent/1.9.10/byte-buddy-agent-1.9.10.jar:/home/umar/.m2/repository/org/objenesis/objenesis/2.6/objenesis-2.6.jar:"/>
    <property name="java.vm.vendor" value="Ubuntu"/>
    <property name="sun.arch.data.model" value="64"/>
    <property name="java.vendor.url" value="https://ubuntu.com/"/>
    <property name="os.name" value="Linux"/>
    <property name="java.vm.specification.version" value="21"/>
    <property name="user.country" value="US"/>
    <property name="sun.java.launcher" value="SUN_STANDARD"/>
    <property name="sun.boot.library.path" value="/usr/lib/jvm/java-21-openjdk-amd64/lib"/>
    <property name="sun.java.command" value="/home/umar/Documents/1B/POO/man_proyecto_poo/target/surefire/surefirebooter-20250519192225043_3.jar /home/umar/Documents/1B/POO/man_proyecto_poo/target/surefire 2025-05-19T19-22-24_975-jvmRun1 surefire-20250519192225043_1tmp surefire_0-20250519192225043_2tmp"/>
    <property name="jdk.debug" value="release"/>
    <property name="test" value="edu.upc.etsetb.poo.decathlon1.ClasificacionTest"/>
    <property name="surefire.test.class.path" value="/home/umar/Documents/1B/POO/man_proyecto_poo/target/test-classes:/home/umar/Documents/1B/POO/man_proyecto_poo/target/classes:/home/umar/.m2/repository/edu/upc/ac/BaseCorrectorDAC/2022_2023ON/BaseCorrectorDAC-2022_2023ON.jar:/home/umar/.m2/repository/junit/junit/4.12/junit-4.12.jar:/home/umar/.m2/repository/org/hamcrest/hamcrest-core/1.3/hamcrest-core-1.3.jar:/home/umar/.m2/repository/org/mockito/mockito-core/2.28.2/mockito-core-2.28.2.jar:/home/umar/.m2/repository/net/bytebuddy/byte-buddy/1.9.10/byte-buddy-1.9.10.jar:/home/umar/.m2/repository/net/bytebuddy/byte-buddy-agent/1.9.10/byte-buddy-agent-1.9.10.jar:/home/umar/.m2/repository/org/objenesis/objenesis/2.6/objenesis-2.6.jar:"/>
    <property name="sun.cpu.endian" value="little"/>
    <property name="user.home" value="/home/umar"/>
    <property name="user.language" value="en"/>
    <property name="java.specification.vendor" value="Oracle Corporation"/>
    <property name="java.version.date" value="2025-04-15"/>
    <property name="java.home" value="/usr/lib/jvm/java-21-openjdk-amd64"/>
    <property name="file.separator" value="/"/>
    <property name="basedir" value="/home/umar/Documents/1B/POO/man_proyecto_poo"/>
    <property name="java.vm.compressedOopsMode" value="Zero based"/>
    <property name="line.separator" value="&#10;"/>
    <property name="java.specification.name" value="Java Platform API Specification"/>
    <property name="java.vm.specification.vendor" value="Oracle Corporation"/>
    <property name="surefire.real.class.path" value="/home/umar/Documents/1B/POO/man_proyecto_poo/target/surefire/surefirebooter-20250519192225043_3.jar"/>
    <property name="sun.management.compiler" value="HotSpot 64-Bit Tiered Compilers"/>
    <property name="java.runtime.version" value="21.0.7+6-Ubuntu-0ubuntu124.04"/>
    <property name="user.name" value="umar"/>
    <property name="stdout.encoding" value="UTF-8"/>
    <property name="path.separator" value=":"/>
    <property name="os.version" value="6.11.0-25-generic"/>
    <property name="java.runtime.name" value="OpenJDK Runtime Environment"/>
    <property name="file.encoding" value="UTF-8"/>
    <property name="java.vm.name" value="OpenJDK 64-Bit Server VM"/>
    <property name="maven.ext.class.path" value="/snap/netbeans/127/netbeans/java/maven-nblib/netbeans-eventspy.jar"/>
    <property name="localRepository" value="/home/umar/.m2/repository"/>
    <property name="java.vendor.url.bug" value="https://bugs.launchpad.net/ubuntu/+source/openjdk-21"/>
    <property name="java.io.tmpdir" value="/tmp"/>
    <property name="java.version" value="21.0.7"/>
    <property name="user.dir" value="/home/umar/Documents/1B/POO/man_proyecto_poo"/>
    <property name="os.arch" value="amd64"/>
    <property name="java.vm.specification.name" value="Java Virtual Machine Specification"/>
    <property name="native.encoding" value="UTF-8"/>
    <property name="java.library.path" value="/usr/java/packages/lib:/usr/lib/x86_64-linux-gnu/jni:/lib/x86_64-linux-gnu:/usr/lib/x86_64-linux-gnu:/usr/lib/jni:/lib:/usr/lib"/>
    <property name="java.vm.info" value="mixed mode, sharing"/>
    <property name="stderr.encoding" value="UTF-8"/>
    <property name="java.vendor" value="Ubuntu"/>
    <property name="java.vm.version" value="21.0.7+6-Ubuntu-0ubuntu124.04"/>
    <property name="sun.io.unicode.encoding" value="UnicodeLittle"/>
    <property name="java.class.version" value="65.0"/>
  </properties>
  <testcase name="test01_Constructor" classname="edu.upc.etsetb.poo.decathlon1.ClasificacionTest" time="0.133">
    <system-out><![CDATA[
Clasificacion::Clasificacion(...). Valor: 2.0
	Test 1: comprobación de existencia de atributo de nombre 'numAtletas' (20.0%)
	Test 2: comprobación del valor asignado por el corrector al atributo de nombre 'numAtletas' (20.0%)
	Test 3: Comprobación de existencia del atributo de nombre 'atletas' (20%)
	Test 4: Comprobación de que el atributo de nombre 'atletas' es una LinkedList de atletas (20%).
	Test 5: Comprobación de que 'atletas' al construirse es una lista vacía en vez de NULL (20%).
		Puntos obtenidos: 2.0. Puntos acumulados: 2.0
]]></system-out>
  </testcase>
  <testcase name="test02_anyadirAClasificacion" classname="edu.upc.etsetb.poo.decathlon1.ClasificacionTest" time="0.001">
    <system-out><![CDATA[
Clasificacion::anyadirAClasificacion(...). Valor: 5.0
	Test 1: comprobar que se añaden los atletas en la  lista 'atletas' al invocar este método (20%)
	Test 2: comprobar que la lista nunca es más grande que el atributo 'numAtletas' (40%)
	Test 3: comprobar que la lista de atletas está ordenada (40%)
		Puntos obtenidos: 5.0. Puntos acumulados: 7.0
]]></system-out>
  </testcase>
  <testcase name="test03_toString" classname="edu.upc.etsetb.poo.decathlon1.ClasificacionTest" time="0.0">
    <system-out><![CDATA[
Clasificacion::toString(...). Valor: 3.0
	Test 1: Formato de línea correcto (60%)
	Test 2: Se recorre toda la lista de atletas (40%)
		Puntos obtenidos: 3.0. Puntos acumulados: 10.0
]]></system-out>
  </testcase>
</testsuite>