<?xml version="1.0" encoding="UTF-8"?>
<testsuite xmlns:xsi="http://www.w3.org/2001/XMLSchema-instance" xsi:noNamespaceSchemaLocation="https://maven.apache.org/surefire/maven-surefire-plugin/xsd/surefire-test-report-3.0.xsd" version="3.0" name="edu.upc.etsetb.poo.decathlon1.MarcaEnEventoTest" time="0.25" tests="6" errors="0" skipped="0" failures="0">
  <properties>
    <property name="java.specification.version" value="21"/>
    <property name="sun.jnu.encoding" value="UTF-8"/>
    <property name="java.class.path" value="/home/umar/Documents/1B/POO/man_proyecto_poo/target/test-classes:/home/umar/Documents/1B/POO/man_proyecto_poo/target/classes:/home/umar/.m2/repository/edu/upc/ac/BaseCorrectorDAC/2022_2023ON/BaseCorrectorDAC-2022_2023ON.jar:/home/umar/.m2/repository/junit/junit/4.12/junit-4.12.jar:/home/umar/.m2/repository/org/hamcrest/hamcrest-core/1.3/hamcrest-core-1.3.jar:/home/umar/.m2/repository/org/mockito/mockito-core/2.28.2/mockito-core-2.28.2.jar:/home/umar/.m2/repository/net/bytebuddy/byte-buddy/1.9.10/byte-buddy-1.9.10.jar:/home/umar/.m2/repository/net/bytebuddy/byte-buddy-agent/1.9.10/byte-buddy-agent-1.9.10.jar:/home/umar/.m2/repository/org/objenesis/objenesis/2.6/objenesis-2.6.jar:"/>
    <property name="java.vm.vendor" value="Ubuntu"/>
    <property name="sun.arch.data.model" value="64"/>
    <property name="java.vendor.url" value="https://ubuntu.com/"/>
    <property name="os.name" value="Linux"/>
    <property name="java.vm.specification.version" value="21"/>
    <property name="user.country" value="US"/>
    <property name="sun.java.launcher" value="SUN_STANDARD"/>
    <property name="sun.boot.library.path" value="/usr/lib/jvm/java-21-openjdk-amd64/lib"/>
    <property name="sun.java.command" value="/home/umar/Documents/1B/POO/man_proyecto_poo/target/surefire/surefirebooter-20250519183830895_3.jar /home/umar/Documents/1B/POO/man_proyecto_poo/target/surefire 2025-05-19T18-38-30_836-jvmRun1 surefire-20250519183830895_1tmp surefire_0-20250519183830895_2tmp"/>
    <property name="jdk.debug" value="release"/>
    <property name="test" value="edu.upc.etsetb.poo.decathlon1.MarcaEnEventoTest"/>
    <property name="surefire.test.class.path" value="/home/umar/Documents/1B/POO/man_proyecto_poo/target/test-classes:/home/umar/Documents/1B/POO/man_proyecto_poo/target/classes:/home/umar/.m2/repository/edu/upc/ac/BaseCorrectorDAC/2022_2023ON/BaseCorrectorDAC-2022_2023ON.jar:/home/umar/.m2/repository/junit/junit/4.12/junit-4.12.jar:/home/umar/.m2/repository/org/hamcrest/hamcrest-core/1.3/hamcrest-core-1.3.jar:/home/umar/.m2/repository/org/mockito/mockito-core/2.28.2/mockito-core-2.28.2.jar:/home/umar/.m2/repository/net/bytebuddy/byte-buddy/1.9.10/byte-buddy-1.9.10.jar:/home/umar/.m2/repository/net/bytebuddy/byte-buddy-agent/1.9.10/byte-buddy-agent-1.9.10.jar:/home/umar/.m2/repository/org/objenesis/objenesis/2.6/objenesis-2.6.jar:"/>
    <property name="sun.cpu.endian" value="little"/>
    <property name="user.home" value="/home/umar"/>
    <property name="user.language" value="en"/>
    <property name="java.specification.vendor" value="Oracle Corporation"/>
    <property name="java.version.date" value="2025-04-15"/>
    <property name="java.home" value="/usr/lib/jvm/java-21-openjdk-amd64"/>
    <property name="file.separator" value="/"/>
    <property name="basedir" value="/home/umar/Documents/1B/POO/man_proyecto_poo"/>
    <property name="java.vm.compressedOopsMode" value="Zero based"/>
    <property name="line.separator" value="&#10;"/>
    <property name="java.specification.name" value="Java Platform API Specification"/>
    <property name="java.vm.specification.vendor" value="Oracle Corporation"/>
    <property name="surefire.real.class.path" value="/home/umar/Documents/1B/POO/man_proyecto_poo/target/surefire/surefirebooter-20250519183830895_3.jar"/>
    <property name="sun.management.compiler" value="HotSpot 64-Bit Tiered Compilers"/>
    <property name="java.runtime.version" value="21.0.7+6-Ubuntu-0ubuntu124.04"/>
    <property name="user.name" value="umar"/>
    <property name="stdout.encoding" value="UTF-8"/>
    <property name="path.separator" value=":"/>
    <property name="os.version" value="6.11.0-25-generic"/>
    <property name="java.runtime.name" value="OpenJDK Runtime Environment"/>
    <property name="file.encoding" value="UTF-8"/>
    <property name="java.vm.name" value="OpenJDK 64-Bit Server VM"/>
    <property name="maven.ext.class.path" value="/snap/netbeans/127/netbeans/java/maven-nblib/netbeans-eventspy.jar"/>
    <property name="localRepository" value="/home/umar/.m2/repository"/>
    <property name="java.vendor.url.bug" value="https://bugs.launchpad.net/ubuntu/+source/openjdk-21"/>
    <property name="java.io.tmpdir" value="/tmp"/>
    <property name="java.version" value="21.0.7"/>
    <property name="user.dir" value="/home/umar/Documents/1B/POO/man_proyecto_poo"/>
    <property name="os.arch" value="amd64"/>
    <property name="java.vm.specification.name" value="Java Virtual Machine Specification"/>
    <property name="native.encoding" value="UTF-8"/>
    <property name="java.library.path" value="/usr/java/packages/lib:/usr/lib/x86_64-linux-gnu/jni:/lib/x86_64-linux-gnu:/usr/lib/x86_64-linux-gnu:/usr/lib/jni:/lib:/usr/lib"/>
    <property name="java.vm.info" value="mixed mode, sharing"/>
    <property name="stderr.encoding" value="UTF-8"/>
    <property name="java.vendor" value="Ubuntu"/>
    <property name="java.vm.version" value="21.0.7+6-Ubuntu-0ubuntu124.04"/>
    <property name="sun.io.unicode.encoding" value="UnicodeLittle"/>
    <property name="java.class.version" value="65.0"/>
  </properties>
  <testcase name="test01_Constructor" classname="edu.upc.etsetb.poo.decathlon1.MarcaEnEventoTest" time="0.169">
    <system-out><![CDATA[************************************************************
* Esta clase ha sido desarrollada por Juan Carlos Cruellas.*
* Se prohibe su utilización en todo programa distinto a la *
* colección de problemas con autocorrección generado por   *
* Juan Carlos Cruellas para la asignatura Programación     *
* Orientada a Objetos (POO) de la ETSETB, sin el permiso   *
* otorgado por escrito de Juan Carlos Cruellas.            *
************************************************************


MarcaEnEvento::MarcaEnEvento(...). Valor: 2.0
	Test 1: comprobación de existencia de atributo de nombre 'evento' (16.666666666666664%)
	Test 2: comprobación del valor asignado por el corrector al atributo de nombre 'evento' (16.666666666666664%)
	Test 3: comprobación de existencia de atributo de nombre 'marca' (16.666666666666664%)
	Test 4: comprobación del valor asignado por el corrector al atributo de nombre 'marca' (16.666666666666664%)
	Test 5: comprobación de existencia de atributo de nombre 'puntos' (16.666666666666664%)
	Test 6: comprobación del valor asignado por el corrector al atributo de nombre 'puntos' (16.666666666666664%)
		Puntos obtenidos: 2.0. Puntos acumulados: 2.0
]]></system-out>
  </testcase>
  <testcase name="test02_GetPuntos" classname="edu.upc.etsetb.poo.decathlon1.MarcaEnEventoTest" time="0.0">
    <system-out><![CDATA[
MarcaEnEvento::getPuntos(...). Valor: 1.0
		Puntos obtenidos: 1.0. Puntos acumulados: 3.0
]]></system-out>
  </testcase>
  <testcase name="test03_CalcularPuntosEvento" classname="edu.upc.etsetb.poo.decathlon1.MarcaEnEventoTest" time="0.0">
    <system-out><![CDATA[
MarcaEnEvento::calcularPuntosEvento(...). Valor: 2.0
		Puntos obtenidos: 2.0. Puntos acumulados: 5.0
]]></system-out>
  </testcase>
  <testcase name="test04_getUnidadMarcaEnEvento" classname="edu.upc.etsetb.poo.decathlon1.MarcaEnEventoTest" time="0.001">
    <system-out><![CDATA[
MarcaEnEvento::getUnidadMarcaEnEvento(...). Valor: 1.0
		Puntos obtenidos: 1.0. Puntos acumulados: 6.0
]]></system-out>
  </testcase>
  <testcase name="test05_getListaEventos" classname="edu.upc.etsetb.poo.decathlon1.MarcaEnEventoTest" time="0.001">
    <system-out><![CDATA[
MarcaEnEvento::getListaEventos(...). Valor: 2.0
		Puntos obtenidos: 2.0. Puntos acumulados: 8.0
]]></system-out>
  </testcase>
  <testcase name="test06_toString" classname="edu.upc.etsetb.poo.decathlon1.MarcaEnEventoTest" time="0.002">
    <system-out><![CDATA[
MarcaEnEvento::toString(...). Valor: 2.0
		Puntos obtenidos: 2.0. Puntos acumulados: 10.0
]]></system-out>
  </testcase>
</testsuite>