<?xml version="1.0" encoding="UTF-8"?>
<testsuite xmlns:xsi="http://www.w3.org/2001/XMLSchema-instance" xsi:noNamespaceSchemaLocation="https://maven.apache.org/surefire/maven-surefire-plugin/xsd/surefire-test-report-3.0.xsd" version="3.0" name="edu.upc.etsetb.poo.decathlon1.iu.InterficieUsuarioTest" time="0.453" tests="7" errors="0" skipped="0" failures="0">
  <properties>
    <property name="java.specification.version" value="21"/>
    <property name="sun.jnu.encoding" value="UTF-8"/>
    <property name="java.class.path" value="/home/umar/Documents/1B/POO/man_proyecto_poo/target/test-classes:/home/umar/Documents/1B/POO/man_proyecto_poo/target/classes:/home/umar/.m2/repository/edu/upc/ac/BaseCorrectorDAC/2022_2023ON/BaseCorrectorDAC-2022_2023ON.jar:/home/umar/.m2/repository/junit/junit/4.12/junit-4.12.jar:/home/umar/.m2/repository/org/hamcrest/hamcrest-core/1.3/hamcrest-core-1.3.jar:/home/umar/.m2/repository/org/mockito/mockito-core/2.28.2/mockito-core-2.28.2.jar:/home/umar/.m2/repository/net/bytebuddy/byte-buddy/1.9.10/byte-buddy-1.9.10.jar:/home/umar/.m2/repository/net/bytebuddy/byte-buddy-agent/1.9.10/byte-buddy-agent-1.9.10.jar:/home/umar/.m2/repository/org/objenesis/objenesis/2.6/objenesis-2.6.jar:"/>
    <property name="java.vm.vendor" value="Ubuntu"/>
    <property name="sun.arch.data.model" value="64"/>
    <property name="java.vendor.url" value="https://ubuntu.com/"/>
    <property name="os.name" value="Linux"/>
    <property name="java.vm.specification.version" value="21"/>
    <property name="user.country" value="US"/>
    <property name="sun.java.launcher" value="SUN_STANDARD"/>
    <property name="sun.boot.library.path" value="/usr/lib/jvm/java-21-openjdk-amd64/lib"/>
    <property name="sun.java.command" value="/home/umar/Documents/1B/POO/man_proyecto_poo/target/surefire/surefirebooter-20250520120521403_3.jar /home/umar/Documents/1B/POO/man_proyecto_poo/target/surefire 2025-05-20T12-05-21_339-jvmRun1 surefire-20250520120521403_1tmp surefire_0-20250520120521403_2tmp"/>
    <property name="jdk.debug" value="release"/>
    <property name="test" value="edu.upc.etsetb.poo.decathlon1.iu.InterficieUsuarioTest"/>
    <property name="surefire.test.class.path" value="/home/umar/Documents/1B/POO/man_proyecto_poo/target/test-classes:/home/umar/Documents/1B/POO/man_proyecto_poo/target/classes:/home/umar/.m2/repository/edu/upc/ac/BaseCorrectorDAC/2022_2023ON/BaseCorrectorDAC-2022_2023ON.jar:/home/umar/.m2/repository/junit/junit/4.12/junit-4.12.jar:/home/umar/.m2/repository/org/hamcrest/hamcrest-core/1.3/hamcrest-core-1.3.jar:/home/umar/.m2/repository/org/mockito/mockito-core/2.28.2/mockito-core-2.28.2.jar:/home/umar/.m2/repository/net/bytebuddy/byte-buddy/1.9.10/byte-buddy-1.9.10.jar:/home/umar/.m2/repository/net/bytebuddy/byte-buddy-agent/1.9.10/byte-buddy-agent-1.9.10.jar:/home/umar/.m2/repository/org/objenesis/objenesis/2.6/objenesis-2.6.jar:"/>
    <property name="sun.cpu.endian" value="little"/>
    <property name="user.home" value="/home/umar"/>
    <property name="user.language" value="en"/>
    <property name="java.specification.vendor" value="Oracle Corporation"/>
    <property name="java.version.date" value="2025-04-15"/>
    <property name="java.home" value="/usr/lib/jvm/java-21-openjdk-amd64"/>
    <property name="file.separator" value="/"/>
    <property name="basedir" value="/home/umar/Documents/1B/POO/man_proyecto_poo"/>
    <property name="java.vm.compressedOopsMode" value="Zero based"/>
    <property name="line.separator" value="&#10;"/>
    <property name="java.specification.name" value="Java Platform API Specification"/>
    <property name="java.vm.specification.vendor" value="Oracle Corporation"/>
    <property name="surefire.real.class.path" value="/home/umar/Documents/1B/POO/man_proyecto_poo/target/surefire/surefirebooter-20250520120521403_3.jar"/>
    <property name="sun.management.compiler" value="HotSpot 64-Bit Tiered Compilers"/>
    <property name="java.runtime.version" value="21.0.7+6-Ubuntu-0ubuntu124.04"/>
    <property name="user.name" value="umar"/>
    <property name="stdout.encoding" value="UTF-8"/>
    <property name="path.separator" value=":"/>
    <property name="os.version" value="6.11.0-26-generic"/>
    <property name="java.runtime.name" value="OpenJDK Runtime Environment"/>
    <property name="file.encoding" value="UTF-8"/>
    <property name="java.vm.name" value="OpenJDK 64-Bit Server VM"/>
    <property name="maven.ext.class.path" value="/snap/netbeans/127/netbeans/java/maven-nblib/netbeans-eventspy.jar"/>
    <property name="localRepository" value="/home/umar/.m2/repository"/>
    <property name="java.vendor.url.bug" value="https://bugs.launchpad.net/ubuntu/+source/openjdk-21"/>
    <property name="java.io.tmpdir" value="/tmp"/>
    <property name="java.version" value="21.0.7"/>
    <property name="user.dir" value="/home/umar/Documents/1B/POO/man_proyecto_poo"/>
    <property name="os.arch" value="amd64"/>
    <property name="java.vm.specification.name" value="Java Virtual Machine Specification"/>
    <property name="native.encoding" value="UTF-8"/>
    <property name="java.library.path" value="/usr/java/packages/lib:/usr/lib/x86_64-linux-gnu/jni:/lib/x86_64-linux-gnu:/usr/lib/x86_64-linux-gnu:/usr/lib/jni:/lib:/usr/lib"/>
    <property name="java.vm.info" value="mixed mode, sharing"/>
    <property name="stderr.encoding" value="UTF-8"/>
    <property name="java.vendor" value="Ubuntu"/>
    <property name="java.vm.version" value="21.0.7+6-Ubuntu-0ubuntu124.04"/>
    <property name="sun.io.unicode.encoding" value="UnicodeLittle"/>
    <property name="java.class.version" value="65.0"/>
  </properties>
  <testcase name="test01_Constructor" classname="edu.upc.etsetb.poo.decathlon1.iu.InterficieUsuarioTest" time="0.296">
    <system-out><![CDATA[
InterficieUsuario::InterficieUsuario(...). Valor: 1.0
      Caso 1: comprobar que se ha creado el atributo de tipo Controlador
      Caso 2: comprobar que se ha invocado correctamente al constructor con argumento inicializa a true y se han creado los atletas desde el método Controlador::inicializaConAtletasYMarcasIniciales()
      Caso 3: comprobar que se ha invocado correctamente al constructor con argumento inicializa a false y NO se han creado los atletas
		Puntos obtenidos: 1.0. Puntos acumulados: 1.0
]]></system-out>
  </testcase>
  <testcase name="test02_inscribirAtleta" classname="edu.upc.etsetb.poo.decathlon1.iu.InterficieUsuarioTest" time="0.02">
    <system-out><![CDATA[
InterficieUsuario::inscribirAtleta(...). Valor: 1.0
  Caso 1: comprobar que se invoca a método inscribirAtleta() de clase Controlador, pasándole valores adecuados como parámetro.
		Puntos obtenidos: 1.0. Puntos acumulados: 2.0
]]></system-out>
  </testcase>
  <testcase name="test03_mostrarCompeticion" classname="edu.upc.etsetb.poo.decathlon1.iu.InterficieUsuarioTest" time="0.002">
    <system-out><![CDATA[
InterficieUsuario::mostrarCompeticion(...). Valor: 1.0
  Caso 1: comprobar que se invoca a método getInfoCompeticion() de clase Controlador.
null
		Puntos obtenidos: 1.0. Puntos acumulados: 3.0
]]></system-out>
  </testcase>
  <testcase name="test04_mostrarAtleta" classname="edu.upc.etsetb.poo.decathlon1.iu.InterficieUsuarioTest" time="0.002">
    <system-out><![CDATA[
InterficieUsuario::mostrarAtleta(...). Valor: 1.0
  Caso 1: comprobar que se invoca a método getInfoAtleta() de clase Controlador y que recibe correctamente número de inscripción.
null
		Puntos obtenidos: 1.0. Puntos acumulados: 4.0
]]></system-out>
  </testcase>
  <testcase name="test05_anyadirMarcaEnEventoDeUnAtleta" classname="edu.upc.etsetb.poo.decathlon1.iu.InterficieUsuarioTest" time="0.057">
    <system-out><![CDATA[
InterficieUsuario::anyadirMarcaEnEventoDeUnAtleta(...). Valor: 2.0
  Caso 1: comprobar que se invoca método anyadirMarcaEnEventoDeUnAtleta() de clase Controlador. Además, se muestra el mensaje adecuado por la consola si devuelve el código de error NO_ATLETAS_INSCRITOS.
  Caso 2:  comprobar que se invoca método anyadirMarcaEnEventoDeUnAtleta() de clase Controlador. Además, se muestra el mensaje adecuado por la consola si devuelve el código de error NUM_INSCRIPCION_ERRONEO.
  Caso 3: comprobar que se invoca método anyadirMarcaEnEventoDeUnAtleta() de clase Controlador. Además, se muestra el mensaje adecuado por la consola si devuelve el código de error TIPO_DE_EVENTO_ERRONEO.
  Caso 4:  comprobar que se invoca método anyadirMarcaEnEventoDeUnAtleta() de clase Controlador. Además, se muestra el mensaje adecuado por la consola si devuelve el código RESULTADO_OK.
		Puntos obtenidos: 2.0. Puntos acumulados: 6.0
]]></system-out>
  </testcase>
  <testcase name="test06_mostrarClasificacion" classname="edu.upc.etsetb.poo.decathlon1.iu.InterficieUsuarioTest" time="0.004">
    <system-out><![CDATA[
InterficieUsuario::mostrarClasificacion(...). Valor: 2.0
  Caso 1: comprobar que se invoca a método getClasificacion() de clase Controlador, pasándole el valor adecuado como parámetro.
null
  Caso 2: comprobar que se muestra por la consola la información que devuelve el método getClasificacion() de clase Controlador.
		Puntos obtenidos: 2.0. Puntos acumulados: 8.0
]]></system-out>
  </testcase>
  <testcase name="test07_ejecutaComando" classname="edu.upc.etsetb.poo.decathlon1.iu.InterficieUsuarioTest" time="0.007">
    <system-out><![CDATA[
InterficieUsuario::ejecutaComando(...). Valor: 2.0
  Caso 1: comprobar que el método detecta adecuadamente algunos comandos incorrectos.
  Caso 2: comprobar que el comando ia acaba invocando el método adecuado de la clase Controlador, pasándole los valores correctos como parámetro.
  Caso 3: comprobar que el comando mc acaba invocando el método adecuado de la clase Controlador, pasándole los valores correctos como parámetro.
  Caso 4: comprobar que el comando ma acaba invocando el método adecuado de la clase Controlador, pasándole los valores correctos como parámetro.
  Caso 5: comprobar que el comando am acaba invocando el método adecuado de la clase Controlador, pasándole los valores correctos como parámetro.

		Puntos obtenidos: 2.0. Puntos acumulados: 10.0
]]></system-out>
  </testcase>
</testsuite>